<?xml version="1.0" encoding="UTF-8"?>
<!-- Generated by org.testng.reporters.JUnitXMLReporter -->
<testsuite ignored="0" hostname="LTIN520674" failures="0" tests="32" name="Test" time="144.604" errors="0" timestamp="2024-08-27T12:32:56 IST">
  <testcase classname="TestCases.TestCase1" name="ScrollDown" time="22.086"/>
  <testcase classname="TestCases.TestCase1" name="MyCareer" time="5.06"/>
  <testcase classname="TestCases.TestCase1" name="QuickAccessOneC" time="0.131"/>
  <testcase classname="TestCases.TestCase1" name="ScrollDown1" time="5.031"/>
  <testcase classname="TestCases.TestCase1" name="MyCareer1" time="5.039"/>
  <testcase classname="TestCases.TestCase1" name="SwitchFrame1" time="0.027"/>
  <testcase classname="TestCases.TestCase1" name="MyCareerArrow" time="0.613"/>
  <testcase classname="TestCases.TestCase1" name="SwitchFrame2" time="2.161"/>
  <testcase classname="TestCases.TestCase1" name="ServiceLineQEA" time="0.033"/>
  <testcase classname="TestCases.TestCase1" name="SwitchBackFrame" time="0.005"/>
  <testcase classname="TestCases.TestCase1" name="MyCareerIcon" time="5.051"/>
  <testcase classname="TestCases.TestCase1" name="NavigateTo" time="12.627"/>
  <testcase classname="TestCases.TestCase1" name="WindowHandling" time="10.02"/>
  <testcase classname="TestCases.TestCase1" name="MySkills" time="10.057"/>
  <testcase classname="TestCases.TestCase1" name="TechnicalSkills" time="5.062"/>
  <testcase classname="TestCases.TestCase1" name="ListOfTech" time="1.481"/>
  <testcase classname="TestCases.TestCase1" name="DomainSkills" time="5.093"/>
  <testcase classname="TestCases.TestCase1" name="ListOfDomain" time="20.134"/>
  <testcase classname="TestCases.TestCase1" name="FunctionalSKills" time="5.076"/>
  <testcase classname="TestCases.TestCase1" name="ListOfTech3" time="5.056"/>
  <testcase classname="TestCases.TestCase1" name="BehavioralSkills" time="5.08"/>
  <testcase classname="TestCases.TestCase1" name="ListOfTech4" time="0.045"/>
  <testcase classname="TestCases.TestCase1" name="MySkillPath" time="0.144"/>
  <testcase classname="TestCases.TestCase1" name="OrgAssigned" time="1.134"/>
  <testcase classname="TestCases.TestCase1" name="ScrollDownCTS" time="0.021"/>
  <testcase classname="TestCases.TestCase1" name="supplementorySkills" time="0.038"/>
  <testcase classname="TestCases.TestCase1" name="SkillingPath" time="0.065"/>
  <testcase classname="TestCases.TestCase1" name="Clusters" time="0.473"/>
  <testcase classname="TestCases.TestCase1" name="NavigateToSkillUp" time="3.918"/>
  <testcase classname="TestCases.TestCase1" name="FrameSwitch" time="0.028"/>
  <testcase classname="TestCases.TestCase1" name="Scroll" time="0.401"/>
  <testcase classname="TestCases.TestCase1" name="AquiredSkills" time="1.516"/>
</testsuite> <!-- Test -->
